<?xml version="1.0" encoding="UTF-8"?>
<testsuite xmlns:xsi="http://www.w3.org/2001/XMLSchema-instance" xsi:noNamespaceSchemaLocation="https://maven.apache.org/surefire/maven-surefire-plugin/xsd/surefire-test-report-3.0.xsd" version="3.0" name="net.javaguides.departmentservice.DepartmentServiceApplicationTests" time="11.099" tests="1" errors="0" skipped="0" failures="0">
  <properties>
[...]
</properties>
  <testcase name="contextLoads" classname="net.javaguides.departmentservice.DepartmentServiceApplicationTests" time="0.947">
    <system-out><![CDATA[15:28:34.874 [main] INFO org.springframework.test.context.support.AnnotationConfigContextLoaderUtils -- Could not detect default configuration classes for test class [net.javaguides.departmentservice.DepartmentServiceApplicationTests]: DepartmentServiceApplicationTests does not declare any static, non-private, non-final, nested classes annotated with @Configuration.
15:28:35.077 [main] INFO org.springframework.boot.test.context.SpringBootTestContextBootstrapper -- Found @SpringBootConfiguration net.javaguides.departmentservice.DepartmentServiceApplication for test class net.javaguides.departmentservice.DepartmentServiceApplicationTests

  .   ____          _            __ _ _
 /\\ / ___'_ __ _ _(_)_ __  __ _ \ \ \ \
( ( )\___ | '_ | '_| | '_ \/ _` | \ \ \ \
 \\/  ___)| |_)| | | | | || (_| |  ) ) ) )
  '  |____| .__|_| |_|_| |_\__, | / / / /
 =========|_|==============|___/=/_/_/_/
 :: Spring Boot ::       (v3.1.6-SNAPSHOT)

2023-11-17T15:28:36.008+05:30  INFO 4020 --- [           main] n.j.d.DepartmentServiceApplicationTests  : Starting DepartmentServiceApplicationTests using Java 20.0.2 with PID 4020 (started by Arun in G:\SpringBoot-Microservices\department-service)
2023-11-17T15:28:36.011+05:30  INFO 4020 --- [           main] n.j.d.DepartmentServiceApplicationTests  : No active profile set, falling back to 1 default profile: "default"
2023-11-17T15:28:37.481+05:30  INFO 4020 --- [           main] .s.d.r.c.RepositoryConfigurationDelegate : Bootstrapping Spring Data JPA repositories in DEFAULT mode.
2023-11-17T15:28:37.705+05:30  INFO 4020 --- [           main] .s.d.r.c.RepositoryConfigurationDelegate : Finished Spring Data repository scanning in 210 ms. Found 1 JPA repository interface.
2023-11-17T15:28:38.154+05:30  INFO 4020 --- [           main] o.s.cloud.context.scope.GenericScope     : BeanFactory id=56a8acdf-bbc9-37bb-b907-9ae55d7c2f8b
2023-11-17T15:28:38.665+05:30  INFO 4020 --- [           main] o.hibernate.jpa.internal.util.LogHelper  : HHH000204: Processing PersistenceUnitInfo [name: default]
2023-11-17T15:28:38.756+05:30  INFO 4020 --- [           main] org.hibernate.Version                    : HHH000412: Hibernate ORM core version 6.2.13.Final
2023-11-17T15:28:38.760+05:30  INFO 4020 --- [           main] org.hibernate.cfg.Environment            : HHH000406: Using bytecode reflection optimizer
2023-11-17T15:28:39.319+05:30  INFO 4020 --- [           main] o.s.o.j.p.SpringPersistenceUnitInfo      : No LoadTimeWeaver setup: ignoring JPA class transformer
2023-11-17T15:28:39.365+05:30  INFO 4020 --- [           main] com.zaxxer.hikari.HikariDataSource       : HikariPool-1 - Starting...
2023-11-17T15:28:39.991+05:30  INFO 4020 --- [           main] com.zaxxer.hikari.pool.HikariPool        : HikariPool-1 - Added connection com.mysql.cj.jdbc.ConnectionImpl@67ceeffd
2023-11-17T15:28:39.994+05:30  INFO 4020 --- [           main] com.zaxxer.hikari.HikariDataSource       : HikariPool-1 - Start completed.
2023-11-17T15:28:40.078+05:30  WARN 4020 --- [           main] org.hibernate.orm.deprecation            : HHH90000025: MySQLDialect does not need to be specified explicitly using 'hibernate.dialect' (remove the property setting and it will be selected by default)
2023-11-17T15:28:41.453+05:30  INFO 4020 --- [           main] o.h.e.t.j.p.i.JtaPlatformInitiator       : HHH000489: No JTA platform available (set 'hibernate.transaction.jta.platform' to enable JTA platform integration)
2023-11-17T15:28:41.527+05:30  INFO 4020 --- [           main] j.LocalContainerEntityManagerFactoryBean : Initialized JPA EntityManagerFactory for persistence unit 'default'
2023-11-17T15:28:42.463+05:30  WARN 4020 --- [           main] JpaBaseConfiguration$JpaWebConfiguration : spring.jpa.open-in-view is enabled by default. Therefore, database queries may be performed during view rendering. Explicitly configure spring.jpa.open-in-view to disable this warning
2023-11-17T15:28:43.434+05:30  INFO 4020 --- [           main] DiscoveryClientOptionalArgsConfiguration : Eureka HTTP Client uses RestTemplate.
2023-11-17T15:28:43.746+05:30  WARN 4020 --- [           main] iguration$LoadBalancerCaffeineWarnLogger : Spring Cloud LoadBalancer is currently working with the default cache. While this cache implementation is useful for development and tests, it's recommended to use Caffeine cache in production.You can switch to using Caffeine cache, by adding it and org.springframework.cache.caffeine.CaffeineCacheManager to the classpath.
2023-11-17T15:28:43.788+05:30  INFO 4020 --- [           main] o.s.c.n.eureka.InstanceInfoFactory       : Setting initial instance status as: STARTING
2023-11-17T15:28:44.008+05:30  INFO 4020 --- [           main] com.netflix.discovery.DiscoveryClient    : Initializing Eureka in region us-east-1
2023-11-17T15:28:44.014+05:30  INFO 4020 --- [           main] c.n.d.s.r.aws.ConfigClusterResolver      : Resolving eureka endpoints via configuration
2023-11-17T15:28:44.045+05:30  INFO 4020 --- [           main] com.netflix.discovery.DiscoveryClient    : Disable delta property : false
2023-11-17T15:28:44.045+05:30  INFO 4020 --- [           main] com.netflix.discovery.DiscoveryClient    : Single vip registry refresh property : null
2023-11-17T15:28:44.045+05:30  INFO 4020 --- [           main] com.netflix.discovery.DiscoveryClient    : Force full registry fetch : false
2023-11-17T15:28:44.045+05:30  INFO 4020 --- [           main] com.netflix.discovery.DiscoveryClient    : Application is null : false
2023-11-17T15:28:44.046+05:30  INFO 4020 --- [           main] com.netflix.discovery.DiscoveryClient    : Registered Applications size is zero : true
2023-11-17T15:28:44.046+05:30  INFO 4020 --- [           main] com.netflix.discovery.DiscoveryClient    : Application version is -1: true
2023-11-17T15:28:44.046+05:30  INFO 4020 --- [           main] com.netflix.discovery.DiscoveryClient    : Getting all instance registry info from the eureka server
2023-11-17T15:28:44.564+05:30  INFO 4020 --- [           main] com.netflix.discovery.DiscoveryClient    : The response status is 200
2023-11-17T15:28:44.569+05:30  INFO 4020 --- [           main] com.netflix.discovery.DiscoveryClient    : Starting heartbeat executor: renew interval is: 30
2023-11-17T15:28:44.575+05:30  INFO 4020 --- [           main] c.n.discovery.InstanceInfoReplicator     : InstanceInfoReplicator onDemand update allowed rate per min is 4
2023-11-17T15:28:44.584+05:30  INFO 4020 --- [           main] com.netflix.discovery.DiscoveryClient    : Discovery Client initialized at timestamp 1700215124582 with initial instances count: 2
2023-11-17T15:28:44.590+05:30  INFO 4020 --- [           main] o.s.c.n.e.s.EurekaServiceRegistry        : Registering application DEPARTMENT-SERVICE with eureka with status UP
2023-11-17T15:28:44.590+05:30  INFO 4020 --- [           main] com.netflix.discovery.DiscoveryClient    : Saw local status change event StatusChangeEvent [timestamp=1700215124590, current=UP, previous=STARTING]
2023-11-17T15:28:44.595+05:30  INFO 4020 --- [nfoReplicator-0] com.netflix.discovery.DiscoveryClient    : DiscoveryClient_DEPARTMENT-SERVICE/LAPTOP-DDOAVD58:DEPARTMENT-SERVICE:8080: registering service...
2023-11-17T15:28:44.613+05:30  INFO 4020 --- [           main] n.j.d.DepartmentServiceApplicationTests  : Started DepartmentServiceApplicationTests in 9.271 seconds (process running for 11.005)
2023-11-17T15:28:44.731+05:30  INFO 4020 --- [nfoReplicator-0] com.netflix.discovery.DiscoveryClient    : DiscoveryClient_DEPARTMENT-SERVICE/LAPTOP-DDOAVD58:DEPARTMENT-SERVICE:8080 - registration status: 204
]]></system-out>
  </testcase>
</testsuite>